[2016-05-05 15:19:21.669] [INFO] logger - GET /public/qr/1461739349203.png 200
[2016-05-05 15:19:21.872] [WARN] logger - GET /public/qr/1460642579931.png 304
[2016-05-05 15:35:06.253] [ERROR] logger - POST /saveProject 500
[2016-05-05 15:37:59.172] [ERROR] logger - POST /saveProject 500
[2016-05-05 15:38:02.391] [ERROR] logger - POST /saveProject 500
[2016-05-05 15:38:03.743] [ERROR] logger - POST /saveProject 500
[2016-05-05 15:39:32.390] [INFO] logger - POST /login 200
[2016-05-05 15:39:43.983] [ERROR] logger - POST /saveProject 500
[2016-05-05 15:51:37.820] [ERROR] logger - POST /saveProject 500
[2016-05-05 15:52:08.631] [ERROR] logger - POST /saveProject 500
[2016-05-05 15:54:01.791] [ERROR] logger - POST /saveProject 500
[2016-05-05 15:56:05.147] [INFO] logger - POST /saveProject 200
[2016-05-05 15:56:40.562] [INFO] logger - POST /saveProject 200
[2016-05-05 15:56:45.514] [INFO] logger - GET /findProjectById?pid=572afcb854dde7200941d3a8 200
[2016-05-05 15:58:36.695] [INFO] logger - POST /login 200
[2016-05-05 15:58:57.509] [INFO] logger - POST /saveProject 200
[2016-05-05 15:59:02.706] [INFO] logger - GET /findProjectById?pid=572afd414b6f321009358fae 200
[2016-05-05 15:59:03.008] [INFO] logger - POST /saveProject 200
[2016-05-05 16:00:34.823] [INFO] logger - POST /saveProject 200
[2016-05-05 16:00:37.686] [INFO] logger - GET /findProjectById?pid=572afda240213c2609f34a90 200
[2016-05-05 16:00:37.993] [INFO] logger - POST /saveProject 200
[2016-05-05 16:00:42.984] [INFO] logger - GET /findProjectById?pid=572afda240213c2609f34a90 200
[2016-05-05 16:00:43.067] [INFO] logger - POST /saveProject 200
[2016-05-05 16:00:58.589] [INFO] logger - GET /findProjectById?pid=572afda240213c2609f34a90 200
[2016-05-05 16:00:59.003] [INFO] logger - POST /saveProject 200
[2016-05-05 16:00:59.298] [INFO] logger - GET /findProjectById?pid=572afda240213c2609f34a90 200
[2016-05-05 16:00:59.874] [INFO] logger - POST /saveProject 200
[2016-05-05 16:13:12.864] [WARN] logger - GET /findProjectById?pid=572afda240213c2609f34a90 304
[2016-05-05 16:13:13.335] [INFO] logger - POST /saveProject 200
[2016-05-05 16:13:14.933] [WARN] logger - GET /findProjectById?pid=572afda240213c2609f34a90 304
[2016-05-05 16:13:15.307] [INFO] logger - POST /saveProject 200
[2016-05-05 16:13:15.994] [INFO] logger - dlyupeng@cn.ibm.com
[2016-05-05 16:13:16.042] [INFO] logger - GET /findProjectByUser?userName=dlyupeng@cn.ibm.com 200
[2016-05-05 16:13:16.732] [WARN] logger - GET /public/img/cover1.jpg 304
[2016-05-05 16:13:17.049] [INFO] logger - GET /public/qr/1462435234751.png 200
[2016-05-05 16:13:17.345] [INFO] logger - GET /public/qr/1462435137461.png 200
[2016-05-05 16:13:17.644] [INFO] logger - GET /public/qr/1462435000482.png 200
[2016-05-05 16:13:17.956] [INFO] logger - GET /public/qr/1462434965064.png 200
[2016-05-05 16:13:18.260] [INFO] logger - GET /public/qr/1461743303082.png 200
[2016-05-05 16:13:18.573] [INFO] logger - GET /public/qr/1461743302981.png 200
[2016-05-05 16:13:18.874] [INFO] logger - GET /public/qr/1461649516292.png 200
[2016-05-05 16:13:19.249] [INFO] logger - GET /public/qr/1461647690830.png 200
[2016-05-05 16:13:19.556] [INFO] logger - GET /public/qr/1461248053015.png 200
[2016-05-05 16:13:19.866] [INFO] logger - GET /public/qr/1461238181530.png 200
[2016-05-05 16:13:20.477] [INFO] logger - GET /public/qr/1461238174338.png 200
[2016-05-05 16:13:20.778] [INFO] logger - GET /public/qr/1461238149314.png 200
[2016-05-05 16:13:21.088] [INFO] logger - GET /public/qr/1461238131759.png 200
[2016-05-05 16:13:21.402] [INFO] logger - GET /public/qr/1461238062709.png 200
[2016-05-05 16:13:21.711] [INFO] logger - GET /public/qr/1461238033447.png 200
[2016-05-05 16:13:22.020] [INFO] logger - GET /public/qr/1461238017826.png 200
[2016-05-05 16:13:22.646] [INFO] logger - GET /public/qr/1461238001125.png 200
[2016-05-05 16:13:22.966] [INFO] logger - GET /public/qr/1461237936997.png 200
[2016-05-05 16:13:23.260] [INFO] logger - GET /public/qr/1461218586955.png 200
[2016-05-05 16:13:23.565] [INFO] logger - GET /public/qr/1461218586958.png 200
[2016-05-05 16:13:23.872] [INFO] logger - GET /public/qr/1461157772031.png 200
[2016-05-05 16:13:24.174] [INFO] logger - GET /public/qr/1461157222384.png 200
[2016-05-05 16:13:24.558] [INFO] logger - GET /public/qr/1461075599896.png 200
[2016-05-05 16:13:54.879] [INFO] logger - GET /public/qr/1461054872060.png 200
[2016-05-05 16:13:54.882] [INFO] logger - GET /public/qr/1461054788695.png 200
[2016-05-05 16:13:54.883] [INFO] logger - GET /public/qr/1460969834105.png 200
[2016-05-05 16:13:54.884] [INFO] logger - GET /public/qr/1460965723992.png 200
[2016-05-05 16:13:54.884] [INFO] logger - GET /public/qr/1461054835215.png 200
[2016-05-05 16:13:54.885] [INFO] logger - GET /public/qr/1460966032940.png 200
[2016-05-05 16:13:55.099] [INFO] logger - GET /public/qr/1460962031231.png 200
[2016-05-05 16:13:55.100] [INFO] logger - GET /public/qr/1460633888635.png 200
[2016-05-05 16:13:55.127] [INFO] logger - GET /public/qr/1460633317742.png 200
[2016-05-05 16:13:55.139] [INFO] logger - GET /public/qr/1460633089580.png 200
[2016-05-05 16:13:55.205] [INFO] logger - GET /public/qr/1460631801013.png 200
[2016-05-05 16:13:55.206] [INFO] logger - GET /public/qr/1460628455680.png 200
[2016-05-05 16:13:55.324] [INFO] logger - GET /public/qr/1460628442063.png 200
[2016-05-05 16:13:55.328] [INFO] logger - GET /public/qr/1460628204391.png 200
[2016-05-05 16:13:55.342] [INFO] logger - GET /public/qr/1460628199353.png 200
[2016-05-05 16:13:55.356] [INFO] logger - GET /public/qr/1460628070598.png 200
[2016-05-05 16:13:55.436] [INFO] logger - GET /public/qr/1460627901470.png 200
[2016-05-05 16:13:55.436] [INFO] logger - GET /public/qr/1460628070480.png 200
[2016-05-05 16:13:55.546] [INFO] logger - GET /public/qr/1460627820983.png 200
[2016-05-05 16:13:55.547] [INFO] logger - GET /public/qr/1460627820838.png 200
[2016-05-05 16:13:55.556] [INFO] logger - GET /public/qr/1460627805027.png 200
[2016-05-05 16:13:55.566] [INFO] logger - GET /public/qr/1460627507398.png 200
[2016-05-05 16:13:55.649] [INFO] logger - GET /public/qr/1460627507246.png 200
[2016-05-05 16:19:57.082] [INFO] logger - dlyupeng@cn.ibm.com
[2016-05-05 16:19:57.160] [WARN] logger - GET /findProjectByUser?userName=dlyupeng@cn.ibm.com 304
[2016-05-05 16:19:57.440] [WARN] logger - GET /public/img/cover1.jpg 304
[2016-05-05 16:19:57.452] [WARN] logger - GET /public/qr/1462435234751.png 304
[2016-05-05 16:19:57.458] [WARN] logger - GET /public/qr/1461743302981.png 304
[2016-05-05 16:19:57.463] [WARN] logger - GET /public/qr/1462434965064.png 304
[2016-05-05 16:19:57.466] [WARN] logger - GET /public/qr/1461647690830.png 304
[2016-05-05 16:19:57.467] [WARN] logger - GET /public/qr/1462435137461.png 304
[2016-05-05 16:19:57.469] [WARN] logger - GET /public/qr/1461649516292.png 304
[2016-05-05 16:19:57.472] [WARN] logger - GET /public/qr/1462435000482.png 304
[2016-05-05 16:19:57.475] [WARN] logger - GET /public/qr/1461238181530.png 304
[2016-05-05 16:19:57.478] [WARN] logger - GET /public/qr/1461248053015.png 304
[2016-05-05 16:19:57.480] [WARN] logger - GET /public/qr/1461238174338.png 304
[2016-05-05 16:19:57.481] [WARN] logger - GET /public/qr/1461743303082.png 304
[2016-05-05 16:19:57.484] [WARN] logger - GET /public/qr/1461238131759.png 304
[2016-05-05 16:19:57.484] [WARN] logger - GET /public/qr/1461238149314.png 304
[2016-05-05 16:19:57.488] [WARN] logger - GET /public/qr/1461238062709.png 304
[2016-05-05 16:19:57.491] [WARN] logger - GET /public/qr/1461238033447.png 304
[2016-05-05 16:19:57.517] [WARN] logger - GET /public/qr/1461238017826.png 304
[2016-05-05 16:19:57.519] [WARN] logger - GET /public/qr/1461237936997.png 304
[2016-05-05 16:19:57.519] [WARN] logger - GET /public/qr/1461238001125.png 304
[2016-05-05 16:19:57.521] [WARN] logger - GET /public/qr/1461218586955.png 304
[2016-05-05 16:19:57.525] [WARN] logger - GET /public/qr/1461218586958.png 304
[2016-05-05 16:19:57.526] [WARN] logger - GET /public/qr/1461157772031.png 304
[2016-05-05 16:19:57.537] [WARN] logger - GET /public/qr/1461075599896.png 304
[2016-05-05 16:19:57.538] [WARN] logger - GET /public/qr/1461157222384.png 304
[2016-05-05 16:19:57.572] [WARN] logger - GET /public/qr/1461054872060.png 304
[2016-05-05 16:19:57.574] [WARN] logger - GET /public/qr/1461054835215.png 304
[2016-05-05 16:19:57.575] [WARN] logger - GET /public/qr/1461054788695.png 304
[2016-05-05 16:19:57.576] [WARN] logger - GET /public/qr/1460969834105.png 304
[2016-05-05 16:19:57.577] [WARN] logger - GET /public/qr/1460966032940.png 304
[2016-05-05 16:19:57.585] [WARN] logger - GET /public/qr/1460965723992.png 304
[2016-05-05 16:19:57.586] [WARN] logger - GET /public/qr/1460962031231.png 304
[2016-05-05 16:19:57.587] [WARN] logger - GET /public/qr/1460633888635.png 304
[2016-05-05 16:19:57.590] [WARN] logger - GET /public/qr/1460633317742.png 304
[2016-05-05 16:19:57.598] [WARN] logger - GET /public/qr/1460633089580.png 304
[2016-05-05 16:19:57.612] [WARN] logger - GET /public/qr/1460631801013.png 304
[2016-05-05 16:19:57.613] [WARN] logger - GET /public/qr/1460628455680.png 304
[2016-05-05 16:19:57.616] [WARN] logger - GET /public/qr/1460628442063.png 304
[2016-05-05 16:19:57.619] [WARN] logger - GET /public/qr/1460628204391.png 304
[2016-05-05 16:19:57.624] [WARN] logger - GET /public/qr/1460628199353.png 304
[2016-05-05 16:19:57.628] [WARN] logger - GET /public/qr/1460628070598.png 304
[2016-05-05 16:19:57.635] [WARN] logger - GET /public/qr/1460627901470.png 304
[2016-05-05 16:19:57.634] [WARN] logger - GET /public/qr/1460628070480.png 304
[2016-05-05 16:19:57.637] [WARN] logger - GET /public/qr/1460627820983.png 304
[2016-05-05 16:19:57.646] [WARN] logger - GET /public/qr/1460627820838.png 304
[2016-05-05 16:19:57.648] [WARN] logger - GET /public/qr/1460627805027.png 304
[2016-05-05 16:19:57.655] [WARN] logger - GET /public/qr/1460627507398.png 304
[2016-05-05 16:19:57.667] [WARN] logger - GET /public/qr/1460627507246.png 304
[2016-05-05 16:20:09.317] [INFO] logger - POST /saveProject 200
[2016-05-05 16:20:11.487] [INFO] logger - GET /findProjectById?pid=572b02391ae1b20e0e7ea5b8 200
[2016-05-05 16:20:11.893] [INFO] logger - POST /saveProject 200
[2016-05-05 16:20:12.400] [INFO] logger - dlyupeng@cn.ibm.com
[2016-05-05 16:20:12.459] [INFO] logger - GET /findProjectByUser?userName=dlyupeng@cn.ibm.com 200
[2016-05-05 16:20:12.736] [WARN] logger - GET /public/img/cover1.jpg 304
[2016-05-05 16:20:12.860] [WARN] logger - GET /public/qr/1462435234751.png 304
[2016-05-05 16:20:12.976] [WARN] logger - GET /public/qr/1462435137461.png 304
[2016-05-05 16:20:13.095] [WARN] logger - GET /public/qr/1462435000482.png 304
[2016-05-05 16:20:13.219] [WARN] logger - GET /public/qr/1462434965064.png 304
[2016-05-05 16:20:13.346] [WARN] logger - GET /public/qr/1461743303082.png 304
[2016-05-05 16:20:13.482] [INFO] logger - GET /public/qr/1462436409224.png 200
[2016-05-05 16:20:13.682] [WARN] logger - GET /public/qr/1461649516292.png 304
[2016-05-05 16:20:13.819] [WARN] logger - GET /public/qr/1461647690830.png 304
[2016-05-05 16:20:13.959] [WARN] logger - GET /public/qr/1461248053015.png 304
[2016-05-05 16:20:14.092] [WARN] logger - GET /public/qr/1461238181530.png 304
[2016-05-05 16:20:14.241] [WARN] logger - GET /public/qr/1461238174338.png 304
[2016-05-05 16:20:14.360] [WARN] logger - GET /public/qr/1461238149314.png 304
[2016-05-05 16:20:14.480] [WARN] logger - GET /public/qr/1461238131759.png 304
[2016-05-05 16:20:14.603] [WARN] logger - GET /public/qr/1461238062709.png 304
[2016-05-05 16:20:14.784] [WARN] logger - GET /public/qr/1461238033447.png 304
[2016-05-05 16:20:14.906] [WARN] logger - GET /public/qr/1461238017826.png 304
[2016-05-05 16:20:15.016] [WARN] logger - GET /public/qr/1461238001125.png 304
[2016-05-05 16:20:15.130] [WARN] logger - GET /public/qr/1461237936997.png 304
[2016-05-05 16:20:15.236] [WARN] logger - GET /public/qr/1461218586955.png 304
[2016-05-05 16:20:15.357] [WARN] logger - GET /public/qr/1461218586958.png 304
[2016-05-05 16:20:15.455] [WARN] logger - GET /public/qr/1461157772031.png 304
[2016-05-05 16:20:15.568] [WARN] logger - GET /public/qr/1461157222384.png 304
[2016-05-05 16:20:15.674] [WARN] logger - GET /public/qr/1461075599896.png 304
[2016-05-05 16:20:15.784] [WARN] logger - GET /public/qr/1461054872060.png 304
[2016-05-05 16:20:15.944] [WARN] logger - GET /public/qr/1461054835215.png 304
[2016-05-05 16:20:16.063] [INFO] logger - GET /findProjectById?pid=572b02391ae1b20e0e7ea5b8 200
[2016-05-05 16:20:16.177] [WARN] logger - GET /public/qr/1461054788695.png 304
[2016-05-05 16:20:16.287] [WARN] logger - GET /public/qr/1460969834105.png 304
[2016-05-05 16:20:16.394] [WARN] logger - GET /public/qr/1460966032940.png 304
[2016-05-05 16:20:16.505] [WARN] logger - GET /findProjectById?pid=572b02391ae1b20e0e7ea5b8 304
[2016-05-05 16:20:16.612] [WARN] logger - GET /public/qr/1460965723992.png 304
[2016-05-05 16:20:16.718] [WARN] logger - GET /public/qr/1460962031231.png 304
[2016-05-05 16:20:16.830] [WARN] logger - GET /public/qr/1460633888635.png 304
[2016-05-05 16:20:16.942] [WARN] logger - GET /public/qr/1460633317742.png 304
[2016-05-05 16:20:17.112] [WARN] logger - GET /public/qr/1460633089580.png 304
[2016-05-05 16:20:17.228] [WARN] logger - GET /public/qr/1460631801013.png 304
[2016-05-05 16:20:17.338] [WARN] logger - GET /public/qr/1460628455680.png 304
[2016-05-05 16:20:17.462] [WARN] logger - GET /public/qr/1460628442063.png 304
[2016-05-05 16:20:17.571] [WARN] logger - GET /public/qr/1460628204391.png 304
[2016-05-05 16:20:17.681] [WARN] logger - GET /public/qr/1460628199353.png 304
[2016-05-05 16:20:17.791] [WARN] logger - GET /public/qr/1460628070598.png 304
[2016-05-05 16:20:17.904] [WARN] logger - GET /public/qr/1460628070480.png 304
[2016-05-05 16:20:18.011] [WARN] logger - GET /public/qr/1460627901470.png 304
[2016-05-05 16:20:18.120] [WARN] logger - GET /public/qr/1460627820983.png 304
[2016-05-05 16:20:18.304] [WARN] logger - GET /public/qr/1460627820838.png 304
[2016-05-05 16:20:18.416] [WARN] logger - GET /public/qr/1460627805027.png 304
[2016-05-05 16:20:18.521] [WARN] logger - GET /public/qr/1460627507398.png 304
[2016-05-05 16:20:18.662] [WARN] logger - GET /public/qr/1460627507246.png 304
[2016-05-05 16:20:18.775] [WARN] logger - GET /public/qr/1461743302981.png 304
[2016-05-05 16:21:14.506] [INFO] logger - dlyupeng@cn.ibm.com
[2016-05-05 16:21:14.552] [WARN] logger - GET /findProjectByUser?userName=dlyupeng@cn.ibm.com 304
[2016-05-05 16:21:14.730] [WARN] logger - GET /public/img/cover1.jpg 304
[2016-05-05 16:21:14.732] [WARN] logger - GET /public/qr/1462436409224.png 304
[2016-05-05 16:21:14.736] [WARN] logger - GET /public/qr/1462435234751.png 304
[2016-05-05 16:21:14.741] [WARN] logger - GET /public/qr/1462435137461.png 304
[2016-05-05 16:21:14.742] [WARN] logger - GET /public/qr/1462435000482.png 304
[2016-05-05 16:21:14.755] [WARN] logger - GET /public/qr/1462434965064.png 304
[2016-05-05 16:21:14.755] [WARN] logger - GET /public/qr/1461743303082.png 304
[2016-05-05 16:21:14.762] [WARN] logger - GET /public/qr/1461649516292.png 304
[2016-05-05 16:21:14.764] [WARN] logger - GET /public/qr/1461743302981.png 304
[2016-05-05 16:21:14.767] [WARN] logger - GET /public/qr/1461647690830.png 304
[2016-05-05 16:21:14.773] [WARN] logger - GET /public/qr/1461238181530.png 304
[2016-05-05 16:21:14.774] [WARN] logger - GET /public/qr/1461248053015.png 304
[2016-05-05 16:21:14.783] [WARN] logger - GET /public/qr/1461238149314.png 304
[2016-05-05 16:21:14.797] [WARN] logger - GET /public/qr/1461238174338.png 304
[2016-05-05 16:21:14.799] [WARN] logger - GET /public/qr/1461238017826.png 304
[2016-05-05 16:21:14.801] [WARN] logger - GET /public/qr/1461238033447.png 304
[2016-05-05 16:21:14.801] [WARN] logger - GET /public/qr/1461238131759.png 304
[2016-05-05 16:21:14.802] [WARN] logger - GET /public/qr/1461238062709.png 304
[2016-05-05 16:21:14.826] [WARN] logger - GET /public/qr/1461238001125.png 304
[2016-05-05 16:21:14.828] [WARN] logger - GET /public/qr/1461237936997.png 304
[2016-05-05 16:21:14.829] [WARN] logger - GET /public/qr/1461218586955.png 304
[2016-05-05 16:21:14.831] [WARN] logger - GET /public/qr/1461218586958.png 304
[2016-05-05 16:21:14.832] [WARN] logger - GET /public/qr/1461157772031.png 304
[2016-05-05 16:21:14.836] [WARN] logger - GET /public/qr/1461157222384.png 304
[2016-05-05 16:21:14.850] [WARN] logger - GET /public/qr/1461075599896.png 304
[2016-05-05 16:21:14.860] [WARN] logger - GET /public/qr/1461054788695.png 304
[2016-05-05 16:21:14.861] [WARN] logger - GET /public/qr/1461054835215.png 304
[2016-05-05 16:21:14.863] [WARN] logger - GET /public/qr/1460969834105.png 304
[2016-05-05 16:21:14.864] [WARN] logger - GET /public/qr/1461054872060.png 304
[2016-05-05 16:21:14.866] [WARN] logger - GET /public/qr/1460966032940.png 304
[2016-05-05 16:21:14.874] [WARN] logger - GET /public/qr/1460965723992.png 304
[2016-05-05 16:21:14.876] [WARN] logger - GET /public/qr/1460962031231.png 304
[2016-05-05 16:21:14.877] [WARN] logger - GET /public/qr/1460633888635.png 304
[2016-05-05 16:21:14.906] [WARN] logger - GET /public/qr/1460633317742.png 304
[2016-05-05 16:21:14.909] [WARN] logger - GET /public/qr/1460631801013.png 304
[2016-05-05 16:21:14.915] [WARN] logger - GET /public/qr/1460628455680.png 304
[2016-05-05 16:21:14.915] [WARN] logger - GET /public/qr/1460633089580.png 304
[2016-05-05 16:21:14.916] [WARN] logger - GET /public/qr/1460628442063.png 304
[2016-05-05 16:21:14.916] [WARN] logger - GET /public/qr/1460628204391.png 304
[2016-05-05 16:21:14.917] [WARN] logger - GET /public/qr/1460628199353.png 304
[2016-05-05 16:21:14.927] [WARN] logger - GET /public/qr/1460628070598.png 304
[2016-05-05 16:21:14.928] [WARN] logger - GET /public/qr/1460628070480.png 304
[2016-05-05 16:21:14.930] [WARN] logger - GET /public/qr/1460627901470.png 304
[2016-05-05 16:21:14.932] [WARN] logger - GET /public/qr/1460627820983.png 304
[2016-05-05 16:21:14.933] [WARN] logger - GET /public/qr/1460627820838.png 304
[2016-05-05 16:21:14.939] [WARN] logger - GET /public/qr/1460627805027.png 304
[2016-05-05 16:21:14.948] [WARN] logger - GET /public/qr/1460627507246.png 304
[2016-05-05 16:21:14.949] [WARN] logger - GET /public/qr/1460627507398.png 304
[2016-05-05 16:21:16.594] [WARN] logger - GET /findProjectById?pid=572b02391ae1b20e0e7ea5b8 304
[2016-05-05 16:21:16.605] [WARN] logger - GET /findProjectById?pid=572b02391ae1b20e0e7ea5b8 304
[2016-05-05 16:22:19.212] [INFO] logger - POST /saveProject 200
[2016-05-05 16:22:21.917] [INFO] logger - GET /findProjectById?pid=572b02bbba3d6af50d5ef9eb 200
[2016-05-05 16:22:22.207] [INFO] logger - POST /saveProject 200
[2016-05-05 16:22:22.595] [INFO] logger - dlyupeng@cn.ibm.com
[2016-05-05 16:22:22.641] [INFO] logger - GET /findProjectByUser?userName=dlyupeng@cn.ibm.com 200
[2016-05-05 16:22:22.857] [WARN] logger - GET /public/img/cover1.jpg 304
[2016-05-05 16:22:22.942] [INFO] logger - GET /public/qr/1462436539140.png 200
[2016-05-05 16:22:22.956] [WARN] logger - GET /public/qr/1462436409224.png 304
[2016-05-05 16:22:22.956] [WARN] logger - GET /public/qr/1462435234751.png 304
[2016-05-05 16:22:22.956] [WARN] logger - GET /public/qr/1462435137461.png 304
[2016-05-05 16:22:22.957] [WARN] logger - GET /public/qr/1462435000482.png 304
[2016-05-05 16:22:22.985] [WARN] logger - GET /public/qr/1461743303082.png 304
[2016-05-05 16:22:22.987] [WARN] logger - GET /public/qr/1461743302981.png 304
[2016-05-05 16:22:22.989] [WARN] logger - GET /public/qr/1462434965064.png 304
[2016-05-05 16:22:22.993] [WARN] logger - GET /public/qr/1461649516292.png 304
[2016-05-05 16:22:22.999] [WARN] logger - GET /public/qr/1461647690830.png 304
[2016-05-05 16:22:23.010] [WARN] logger - GET /public/qr/1461238149314.png 304
[2016-05-05 16:22:23.011] [WARN] logger - GET /public/qr/1461238174338.png 304
[2016-05-05 16:22:23.010] [WARN] logger - GET /public/qr/1461248053015.png 304
[2016-05-05 16:22:23.016] [WARN] logger - GET /public/qr/1461238181530.png 304
[2016-05-05 16:22:23.030] [WARN] logger - GET /public/qr/1461238131759.png 304
[2016-05-05 16:22:23.032] [WARN] logger - GET /public/qr/1461238062709.png 304
[2016-05-05 16:22:23.078] [WARN] logger - GET /public/qr/1461238017826.png 304
[2016-05-05 16:22:23.080] [WARN] logger - GET /public/qr/1461238033447.png 304
[2016-05-05 16:22:23.081] [WARN] logger - GET /public/qr/1461238001125.png 304
[2016-05-05 16:22:23.083] [WARN] logger - GET /public/qr/1461237936997.png 304
[2016-05-05 16:22:23.087] [WARN] logger - GET /public/qr/1461218586955.png 304
[2016-05-05 16:22:23.092] [WARN] logger - GET /public/qr/1461218586958.png 304
[2016-05-05 16:22:23.094] [WARN] logger - GET /public/qr/1461157772031.png 304
[2016-05-05 16:22:23.094] [WARN] logger - GET /public/qr/1461157222384.png 304
[2016-05-05 16:22:23.097] [WARN] logger - GET /public/qr/1461075599896.png 304
[2016-05-05 16:22:23.100] [WARN] logger - GET /public/qr/1461054872060.png 304
[2016-05-05 16:22:23.133] [WARN] logger - GET /public/qr/1461054835215.png 304
[2016-05-05 16:22:23.135] [WARN] logger - GET /public/qr/1460966032940.png 304
[2016-05-05 16:22:23.136] [WARN] logger - GET /public/qr/1460969834105.png 304
[2016-05-05 16:22:23.137] [WARN] logger - GET /public/qr/1461054788695.png 304
[2016-05-05 16:22:23.144] [WARN] logger - GET /public/qr/1460965723992.png 304
[2016-05-05 16:22:23.149] [WARN] logger - GET /public/qr/1460962031231.png 304
[2016-05-05 16:22:23.151] [WARN] logger - GET /public/qr/1460633888635.png 304
[2016-05-05 16:22:23.152] [WARN] logger - GET /public/qr/1460633317742.png 304
[2016-05-05 16:22:23.156] [WARN] logger - GET /public/qr/1460633089580.png 304
[2016-05-05 16:22:23.163] [WARN] logger - GET /public/qr/1460631801013.png 304
[2016-05-05 16:22:23.171] [WARN] logger - GET /public/qr/1460628455680.png 304
[2016-05-05 16:22:23.173] [WARN] logger - GET /public/qr/1460628442063.png 304
[2016-05-05 16:22:23.176] [WARN] logger - GET /public/qr/1460628199353.png 304
[2016-05-05 16:22:23.177] [WARN] logger - GET /public/qr/1460628070598.png 304
[2016-05-05 16:22:23.179] [WARN] logger - GET /public/qr/1460628204391.png 304
[2016-05-05 16:22:23.181] [WARN] logger - GET /public/qr/1460628070480.png 304
[2016-05-05 16:22:23.184] [WARN] logger - GET /public/qr/1460627901470.png 304
[2016-05-05 16:22:23.188] [WARN] logger - GET /public/qr/1460627820983.png 304
[2016-05-05 16:22:23.190] [WARN] logger - GET /public/qr/1460627820838.png 304
[2016-05-05 16:22:23.192] [WARN] logger - GET /public/qr/1460627805027.png 304
[2016-05-05 16:22:23.195] [WARN] logger - GET /public/qr/1460627507398.png 304
[2016-05-05 16:22:23.227] [WARN] logger - GET /public/qr/1460627507246.png 304
[2016-05-05 16:22:27.111] [INFO] logger - GET /findProjectById?pid=572b02bbba3d6af50d5ef9eb 200
[2016-05-05 16:22:27.323] [WARN] logger - GET /findProjectById?pid=572b02bbba3d6af50d5ef9eb 304
[2016-05-05 16:23:35.386] [INFO] logger - POST /saveProject 200
[2016-05-05 16:23:37.309] [INFO] logger - GET /findProjectById?pid=572b0307b9e2f9fa0d43dfdc 200
[2016-05-05 16:23:38.046] [INFO] logger - POST /saveProject 200
[2016-05-05 16:23:38.791] [INFO] logger - dlyupeng@cn.ibm.com
[2016-05-05 16:23:38.826] [INFO] logger - GET /findProjectByUser?userName=dlyupeng@cn.ibm.com 200
[2016-05-05 16:23:39.319] [WARN] logger - GET /public/img/cover1.jpg 304
[2016-05-05 16:23:39.688] [WARN] logger - GET /public/qr/1462436539140.png 304
[2016-05-05 16:23:40.148] [WARN] logger - GET /public/qr/1462436409224.png 304
[2016-05-05 16:23:40.515] [WARN] logger - GET /public/qr/1462435234751.png 304
[2016-05-05 16:23:40.883] [WARN] logger - GET /public/qr/1462435137461.png 304
[2016-05-05 16:23:41.325] [WARN] logger - GET /public/qr/1462435000482.png 304
[2016-05-05 16:23:41.694] [INFO] logger - GET /public/qr/1462436615327.png 200
[2016-05-05 16:23:42.099] [WARN] logger - GET /public/qr/1461743303082.png 304
[2016-05-05 16:23:42.466] [WARN] logger - GET /public/qr/1461743302981.png 304
[2016-05-05 16:23:42.835] [WARN] logger - GET /public/qr/1461649516292.png 304
[2016-05-05 16:23:43.268] [WARN] logger - GET /public/qr/1461647690830.png 304
[2016-05-05 16:23:43.642] [WARN] logger - GET /public/qr/1461248053015.png 304
[2016-05-05 16:23:44.018] [WARN] logger - GET /public/qr/1461238181530.png 304
[2016-05-05 16:23:44.460] [WARN] logger - GET /public/qr/1461238174338.png 304
[2016-05-05 16:23:44.832] [WARN] logger - GET /public/qr/1461238149314.png 304
[2016-05-05 16:23:45.204] [INFO] logger - GET /findProjectById?pid=572b0307b9e2f9fa0d43dfdc 200
[2016-05-05 16:23:45.628] [WARN] logger - GET /public/qr/1461238131759.png 304
[2016-05-05 16:23:45.999] [WARN] logger - GET /public/qr/1461238062709.png 304
[2016-05-05 16:23:46.375] [WARN] logger - GET /public/qr/1461238033447.png 304
[2016-05-05 16:23:46.765] [WARN] logger - GET /findProjectById?pid=572b0307b9e2f9fa0d43dfdc 304
[2016-05-05 16:23:47.129] [WARN] logger - GET /public/qr/1461238017826.png 304
[2016-05-05 16:23:47.505] [WARN] logger - GET /public/qr/1461238001125.png 304
[2016-05-05 16:23:47.888] [WARN] logger - GET /public/qr/1461237936997.png 304
[2016-05-05 16:23:48.258] [WARN] logger - GET /public/qr/1461218586955.png 304
[2016-05-05 16:23:48.657] [WARN] logger - GET /public/qr/1461218586958.png 304
[2016-05-05 16:23:49.038] [WARN] logger - GET /public/qr/1461157772031.png 304
[2016-05-05 16:23:49.427] [WARN] logger - GET /public/qr/1461157222384.png 304
[2016-05-05 16:23:49.797] [WARN] logger - GET /public/qr/1461075599896.png 304
[2016-05-05 16:23:50.168] [WARN] logger - GET /public/qr/1461054872060.png 304
[2016-05-05 16:23:50.537] [WARN] logger - GET /public/qr/1461054835215.png 304
[2016-05-05 16:23:50.910] [WARN] logger - GET /public/qr/1461054788695.png 304
[2016-05-05 16:23:51.278] [WARN] logger - GET /public/qr/1460969834105.png 304
[2016-05-05 16:23:51.651] [WARN] logger - GET /public/qr/1460966032940.png 304
[2016-05-05 16:23:52.025] [WARN] logger - GET /public/qr/1460965723992.png 304
[2016-05-05 16:23:52.405] [WARN] logger - GET /public/qr/1460962031231.png 304
[2016-05-05 16:23:52.774] [WARN] logger - GET /public/qr/1460633888635.png 304
[2016-05-05 16:23:53.149] [WARN] logger - GET /public/qr/1460633317742.png 304
[2016-05-05 16:23:53.517] [WARN] logger - GET /public/qr/1460633089580.png 304
[2016-05-05 16:23:53.887] [WARN] logger - GET /public/qr/1460631801013.png 304
[2016-05-05 16:23:54.258] [WARN] logger - GET /public/qr/1460628455680.png 304
[2016-05-05 16:23:54.646] [WARN] logger - GET /public/qr/1460628442063.png 304
[2016-05-05 16:23:55.019] [WARN] logger - GET /public/qr/1460628204391.png 304
[2016-05-05 16:23:55.407] [WARN] logger - GET /public/qr/1460628199353.png 304
[2016-05-05 16:23:55.771] [WARN] logger - GET /public/qr/1460628070598.png 304
[2016-05-05 16:23:56.165] [WARN] logger - GET /public/qr/1460628070480.png 304
[2016-05-05 16:23:56.534] [WARN] logger - GET /public/qr/1460627901470.png 304
[2016-05-05 16:23:56.903] [WARN] logger - GET /public/qr/1460627820983.png 304
[2016-05-05 16:23:57.278] [WARN] logger - GET /public/qr/1460627820838.png 304
[2016-05-05 16:23:57.651] [WARN] logger - GET /public/qr/1460627805027.png 304
[2016-05-05 16:23:58.021] [WARN] logger - GET /public/qr/1460627507398.png 304
[2016-05-05 16:23:58.391] [WARN] logger - GET /public/qr/1460627507246.png 304
[2016-05-05 16:23:58.760] [WARN] logger - GET /public/qr/1462434965064.png 304
[2016-05-05 16:25:49.648] [INFO] logger - POST /saveProject 200
[2016-05-05 16:25:52.276] [INFO] logger - GET /findProjectById?pid=572b038d09818df00d349611 200
[2016-05-05 16:25:52.940] [INFO] logger - POST /saveProject 200
[2016-05-05 16:25:53.690] [INFO] logger - dlyupeng@cn.ibm.com
[2016-05-05 16:25:53.734] [INFO] logger - GET /findProjectByUser?userName=dlyupeng@cn.ibm.com 200
[2016-05-05 16:25:54.276] [WARN] logger - GET /public/img/cover1.jpg 304
[2016-05-05 16:25:54.644] [WARN] logger - GET /public/qr/1462436615327.png 304
[2016-05-05 16:25:55.063] [WARN] logger - GET /public/qr/1462436539140.png 304
[2016-05-05 16:25:55.436] [WARN] logger - GET /public/qr/1462436409224.png 304
[2016-05-05 16:25:55.801] [WARN] logger - GET /public/qr/1462435234751.png 304
[2016-05-05 16:25:56.192] [WARN] logger - GET /public/qr/1462435137461.png 304
[2016-05-05 16:25:56.564] [INFO] logger - GET /public/qr/1462436749576.png 200
[2016-05-05 16:25:56.937] [WARN] logger - GET /public/qr/1461743303082.png 304
[2016-05-05 16:25:57.357] [WARN] logger - GET /public/qr/1461743302981.png 304
[2016-05-05 16:25:57.726] [WARN] logger - GET /public/qr/1461649516292.png 304
[2016-05-05 16:25:58.101] [WARN] logger - GET /public/qr/1461647690830.png 304
[2016-05-05 16:25:58.526] [WARN] logger - GET /public/qr/1461248053015.png 304
[2016-05-05 16:25:58.893] [WARN] logger - GET /public/qr/1461238181530.png 304
[2016-05-05 16:25:59.262] [WARN] logger - GET /public/qr/1461238174338.png 304
[2016-05-05 16:25:59.702] [WARN] logger - GET /public/qr/1461238149314.png 304
[2016-05-05 16:26:00.073] [WARN] logger - GET /public/qr/1461238131759.png 304
[2016-05-05 16:26:00.444] [INFO] logger - GET /findProjectById?pid=572b038d09818df00d349611 200
[2016-05-05 16:26:00.822] [WARN] logger - GET /public/qr/1461238062709.png 304
[2016-05-05 16:26:01.191] [WARN] logger - GET /public/qr/1461238033447.png 304
[2016-05-05 16:26:01.558] [WARN] logger - GET /public/qr/1461238017826.png 304
[2016-05-05 16:26:01.939] [WARN] logger - GET /findProjectById?pid=572b038d09818df00d349611 304
[2016-05-05 16:26:02.309] [WARN] logger - GET /public/qr/1461238001125.png 304
[2016-05-05 16:26:02.689] [WARN] logger - GET /public/qr/1461237936997.png 304
[2016-05-05 16:26:03.072] [WARN] logger - GET /public/qr/1461218586955.png 304
[2016-05-05 16:26:03.439] [WARN] logger - GET /public/qr/1461218586958.png 304
[2016-05-05 16:26:03.807] [WARN] logger - GET /public/qr/1461157772031.png 304
[2016-05-05 16:26:04.178] [WARN] logger - GET /public/qr/1461157222384.png 304
[2016-05-05 16:26:04.550] [WARN] logger - GET /public/qr/1461075599896.png 304
[2016-05-05 16:26:04.925] [WARN] logger - GET /public/qr/1461054872060.png 304
[2016-05-05 16:26:05.336] [WARN] logger - GET /public/qr/1461054835215.png 304
[2016-05-05 16:26:05.701] [WARN] logger - GET /public/qr/1461054788695.png 304
[2016-05-05 16:26:06.069] [WARN] logger - GET /public/qr/1460969834105.png 304
[2016-05-05 16:26:06.473] [WARN] logger - GET /public/qr/1460966032940.png 304
[2016-05-05 16:26:06.870] [WARN] logger - GET /public/qr/1460965723992.png 304
[2016-05-05 16:26:07.250] [WARN] logger - GET /public/qr/1460962031231.png 304
[2016-05-05 16:26:08.274] [WARN] logger - GET /public/qr/1460633888635.png 304
[2016-05-05 16:26:08.661] [WARN] logger - GET /public/qr/1460633317742.png 304
[2016-05-05 16:26:09.046] [WARN] logger - GET /public/qr/1460633089580.png 304
[2016-05-05 16:26:09.414] [WARN] logger - GET /public/qr/1460631801013.png 304
[2016-05-05 16:26:09.795] [WARN] logger - GET /public/qr/1460628455680.png 304
[2016-05-05 16:26:10.155] [WARN] logger - GET /public/qr/1460628442063.png 304
[2016-05-05 16:26:10.524] [WARN] logger - GET /public/qr/1460628204391.png 304
[2016-05-05 16:26:10.894] [WARN] logger - GET /public/qr/1460628199353.png 304
[2016-05-05 16:26:11.263] [WARN] logger - GET /public/qr/1460628070598.png 304
[2016-05-05 16:26:11.634] [WARN] logger - GET /public/qr/1460628070480.png 304
[2016-05-05 16:26:12.007] [WARN] logger - GET /public/qr/1460627901470.png 304
[2016-05-05 16:26:12.374] [WARN] logger - GET /public/qr/1460627820983.png 304
[2016-05-05 16:26:13.341] [WARN] logger - GET /public/qr/1460627820838.png 304
[2016-05-05 16:26:13.711] [WARN] logger - GET /public/qr/1460627805027.png 304
[2016-05-05 16:26:14.159] [WARN] logger - GET /public/qr/1460627507398.png 304
[2016-05-05 16:26:14.540] [WARN] logger - GET /public/qr/1460627507246.png 304
[2016-05-05 16:26:14.907] [WARN] logger - GET /public/qr/1462435000482.png 304
[2016-05-05 16:26:15.337] [WARN] logger - GET /public/qr/1462434965064.png 304
[2016-05-05 16:27:02.779] [WARN] logger - GET /findProjectById?pid=572b038d09818df00d349611 304
[2016-05-05 16:27:02.869] [INFO] logger - POST /saveProject 200
[2016-05-05 16:27:04.795] [INFO] logger - GET /findProjectById?pid=572b038d09818df00d349611 200
[2016-05-05 16:27:04.879] [INFO] logger - POST /saveProject 200
[2016-05-05 16:27:05.246] [INFO] logger - dlyupeng@cn.ibm.com
[2016-05-05 16:27:05.292] [INFO] logger - GET /findProjectByUser?userName=dlyupeng@cn.ibm.com 200
[2016-05-05 16:27:07.251] [WARN] logger - GET /findProjectById?pid=572b038d09818df00d349611 304
[2016-05-05 16:27:07.260] [WARN] logger - GET /findProjectById?pid=572b038d09818df00d349611 304
[2016-05-05 16:28:03.142] [INFO] logger - GET /findImageByUser?userName=limm@cn.ibm.com 200
[2016-05-05 16:28:03.400] [INFO] logger - GET /public/upload/1460640485683.jpeg 200
[2016-05-05 16:28:03.401] [INFO] logger - GET /public/upload/1461311167032.jpeg 200
[2016-05-05 16:28:17.241] [INFO] logger - POST /saveProject 200
[2016-05-05 16:28:19.023] [INFO] logger - GET /findProjectById?pid=572b0421f96505ef0d19ce5a 200
[2016-05-05 16:28:19.113] [INFO] logger - POST /saveProject 200
[2016-05-05 16:28:19.496] [INFO] logger - dlyupeng@cn.ibm.com
[2016-05-05 16:28:19.539] [INFO] logger - GET /findProjectByUser?userName=dlyupeng@cn.ibm.com 200
[2016-05-05 16:28:19.765] [WARN] logger - GET /public/img/cover1.jpg 304
[2016-05-05 16:28:19.767] [INFO] logger - GET /public/qr/1462436897177.png 200
[2016-05-05 16:28:19.772] [WARN] logger - GET /public/qr/1462436749576.png 304
[2016-05-05 16:28:19.772] [WARN] logger - GET /public/qr/1462436615327.png 304
[2016-05-05 16:28:19.772] [WARN] logger - GET /public/qr/1462436539140.png 304
[2016-05-05 16:28:19.791] [WARN] logger - GET /public/qr/1462435234751.png 304
[2016-05-05 16:28:19.793] [WARN] logger - GET /public/qr/1462436409224.png 304
[2016-05-05 16:28:19.794] [WARN] logger - GET /public/qr/1462435137461.png 304
[2016-05-05 16:28:19.796] [WARN] logger - GET /public/qr/1462435000482.png 304
[2016-05-05 16:28:19.820] [WARN] logger - GET /public/qr/1462434965064.png 304
[2016-05-05 16:28:19.826] [WARN] logger - GET /public/qr/1461743303082.png 304
[2016-05-05 16:28:19.831] [WARN] logger - GET /public/qr/1461743302981.png 304
[2016-05-05 16:28:19.835] [WARN] logger - GET /public/qr/1461649516292.png 304
[2016-05-05 16:28:19.837] [WARN] logger - GET /public/qr/1461248053015.png 304
[2016-05-05 16:28:19.837] [WARN] logger - GET /public/qr/1461647690830.png 304
[2016-05-05 16:28:19.839] [WARN] logger - GET /public/qr/1461238181530.png 304
[2016-05-05 16:28:19.846] [WARN] logger - GET /public/qr/1461238174338.png 304
[2016-05-05 16:28:19.851] [WARN] logger - GET /public/qr/1461238149314.png 304
[2016-05-05 16:28:19.854] [WARN] logger - GET /public/qr/1461238131759.png 304
[2016-05-05 16:28:19.855] [WARN] logger - GET /public/qr/1461238062709.png 304
[2016-05-05 16:28:19.862] [WARN] logger - GET /public/qr/1461238033447.png 304
[2016-05-05 16:28:19.874] [WARN] logger - GET /public/qr/1461237936997.png 304
[2016-05-05 16:28:19.874] [WARN] logger - GET /public/qr/1461218586955.png 304
[2016-05-05 16:28:19.874] [WARN] logger - GET /public/qr/1461238001125.png 304
[2016-05-05 16:28:19.876] [WARN] logger - GET /public/qr/1461238017826.png 304
[2016-05-05 16:28:19.885] [WARN] logger - GET /public/qr/1461218586958.png 304
[2016-05-05 16:28:19.887] [WARN] logger - GET /public/qr/1461157222384.png 304
[2016-05-05 16:28:19.887] [WARN] logger - GET /public/qr/1461157772031.png 304
[2016-05-05 16:28:19.889] [WARN] logger - GET /public/qr/1461075599896.png 304
[2016-05-05 16:28:19.895] [WARN] logger - GET /public/qr/1461054872060.png 304
[2016-05-05 16:28:19.899] [WARN] logger - GET /public/qr/1461054835215.png 304
[2016-05-05 16:28:19.900] [WARN] logger - GET /public/qr/1461054788695.png 304
[2016-05-05 16:28:19.902] [WARN] logger - GET /public/qr/1460969834105.png 304
[2016-05-05 16:28:19.905] [WARN] logger - GET /public/qr/1460966032940.png 304
[2016-05-05 16:28:19.915] [WARN] logger - GET /public/qr/1460633888635.png 304
[2016-05-05 16:28:19.916] [WARN] logger - GET /public/qr/1460633317742.png 304
[2016-05-05 16:28:19.917] [WARN] logger - GET /public/qr/1460962031231.png 304
[2016-05-05 16:28:19.918] [WARN] logger - GET /public/qr/1460965723992.png 304
[2016-05-05 16:28:19.929] [WARN] logger - GET /public/qr/1460628455680.png 304
[2016-05-05 16:28:19.930] [WARN] logger - GET /public/qr/1460633089580.png 304
[2016-05-05 16:28:19.929] [WARN] logger - GET /public/qr/1460631801013.png 304
[2016-05-05 16:28:19.931] [WARN] logger - GET /public/qr/1460628442063.png 304
[2016-05-05 16:28:19.940] [WARN] logger - GET /public/qr/1460628204391.png 304
[2016-05-05 16:28:19.945] [WARN] logger - GET /public/qr/1460628199353.png 304
[2016-05-05 16:28:19.945] [WARN] logger - GET /public/qr/1460628070598.png 304
[2016-05-05 16:28:19.946] [WARN] logger - GET /public/qr/1460628070480.png 304
[2016-05-05 16:28:19.950] [WARN] logger - GET /public/qr/1460627901470.png 304
[2016-05-05 16:28:19.952] [WARN] logger - GET /public/qr/1460627820983.png 304
[2016-05-05 16:28:19.955] [WARN] logger - GET /public/qr/1460627820838.png 304
[2016-05-05 16:28:19.959] [WARN] logger - GET /public/qr/1460627805027.png 304
[2016-05-05 16:28:19.959] [WARN] logger - GET /public/qr/1460627507398.png 304
[2016-05-05 16:28:19.966] [WARN] logger - GET /public/qr/1460627507246.png 304
[2016-05-05 16:28:22.509] [INFO] logger - GET /findProjectById?pid=572b0421f96505ef0d19ce5a 200
[2016-05-05 16:28:22.529] [WARN] logger - GET /findProjectById?pid=572b0421f96505ef0d19ce5a 304
[2016-05-05 16:28:41.158] [INFO] logger - POST /saveProject 200
[2016-05-05 16:29:02.178] [INFO] logger - GET /findProjectById?pid=572b0439ee16faff0dabfa12 200
[2016-05-05 16:29:02.250] [INFO] logger - POST /saveProject 200
[2016-05-05 16:29:02.613] [INFO] logger - limm@cn.ibm.com
[2016-05-05 16:29:02.632] [INFO] logger - GET /findProjectByUser?userName=limm@cn.ibm.com 200
[2016-05-05 16:29:02.731] [WARN] logger - GET /public/img/cover1.jpg 304
[2016-05-05 16:29:02.734] [INFO] logger - GET /public/qr/1462436921128.png 200
[2016-05-05 16:29:02.741] [WARN] logger - GET /public/qr/1461739349203.png 304
[2016-05-05 16:29:02.750] [WARN] logger - GET /public/qr/1461761064795.png 304
[2016-05-05 16:29:02.753] [WARN] logger - GET /public/qr/1461739489948.png 304
[2016-05-05 16:29:02.756] [WARN] logger - GET /public/qr/1461739445495.png 304
[2016-05-05 16:29:02.757] [WARN] logger - GET /public/qr/1461310184867.png 304
[2016-05-05 16:29:02.758] [WARN] logger - GET /public/qr/1461584876435.png 304
[2016-05-05 16:29:02.761] [WARN] logger - GET /public/qr/1460642579931.png 304
[2016-05-05 16:29:02.767] [WARN] logger - GET /public/qr/1460967633611.png 304
[2016-05-05 16:29:02.768] [WARN] logger - GET /public/qr/1460642448891.png 304
[2016-05-05 16:29:02.768] [WARN] logger - GET /public/qr/1460641386802.png 304
[2016-05-05 16:29:04.705] [WARN] logger - GET /public/upload/1461311167032.jpeg 304
[2016-05-05 16:29:08.759] [INFO] logger - GET /findProjectById?pid=572b0439ee16faff0dabfa12 200
[2016-05-05 16:29:08.771] [WARN] logger - GET /findProjectById?pid=572b0439ee16faff0dabfa12 304
[2016-05-05 16:29:40.416] [WARN] logger - GET /findProjectById?pid=572b0439ee16faff0dabfa12 304
[2016-05-05 16:29:40.486] [INFO] logger - POST /saveProject 200
[2016-05-05 16:29:42.473] [INFO] logger - GET /findProjectById?pid=572b0439ee16faff0dabfa12 200
[2016-05-05 16:29:42.541] [INFO] logger - POST /saveProject 200
[2016-05-05 16:29:42.897] [INFO] logger - limm@cn.ibm.com
[2016-05-05 16:29:42.910] [INFO] logger - GET /findProjectByUser?userName=limm@cn.ibm.com 200
[2016-05-05 16:29:45.558] [WARN] logger - GET /findProjectById?pid=572b0439ee16faff0dabfa12 304
[2016-05-05 16:29:45.569] [WARN] logger - GET /findProjectById?pid=572b0439ee16faff0dabfa12 304
[2016-05-05 16:31:35.591] [INFO] logger - POST /saveProject 200
[2016-05-05 16:31:37.221] [INFO] logger - GET /findProjectById?pid=572b04e709818df00d349612 200
[2016-05-05 16:31:37.321] [INFO] logger - POST /saveProject 200
[2016-05-05 16:31:37.689] [INFO] logger - dlyupeng@cn.ibm.com
[2016-05-05 16:31:37.735] [INFO] logger - GET /findProjectByUser?userName=dlyupeng@cn.ibm.com 200
[2016-05-05 16:31:37.878] [WARN] logger - GET /public/qr/1462436897177.png 304
[2016-05-05 16:31:37.879] [WARN] logger - GET /public/qr/1462436749576.png 304
[2016-05-05 16:31:37.879] [WARN] logger - GET /public/img/cover1.jpg 304
[2016-05-05 16:31:37.881] [WARN] logger - GET /public/qr/1462436539140.png 304
[2016-05-05 16:31:37.881] [WARN] logger - GET /public/qr/1462436615327.png 304
[2016-05-05 16:31:37.898] [WARN] logger - GET /public/qr/1462435000482.png 304
[2016-05-05 16:31:37.899] [WARN] logger - GET /public/qr/1462436409224.png 304
[2016-05-05 16:31:37.901] [WARN] logger - GET /public/qr/1462434965064.png 304
[2016-05-05 16:31:37.903] [WARN] logger - GET /public/qr/1462435234751.png 304
[2016-05-05 16:31:37.905] [WARN] logger - GET /public/qr/1462435137461.png 304
[2016-05-05 16:31:37.908] [WARN] logger - GET /public/qr/1461743303082.png 304
[2016-05-05 16:31:37.911] [WARN] logger - GET /public/qr/1461743302981.png 304
[2016-05-05 16:31:37.917] [WARN] logger - GET /public/qr/1461649516292.png 304
[2016-05-05 16:31:37.924] [WARN] logger - GET /public/qr/1461248053015.png 304
[2016-05-05 16:31:37.927] [WARN] logger - GET /public/qr/1461238181530.png 304
[2016-05-05 16:31:37.936] [WARN] logger - GET /public/qr/1461238062709.png 304
[2016-05-05 16:31:37.938] [WARN] logger - GET /public/qr/1461238149314.png 304
[2016-05-05 16:31:37.939] [WARN] logger - GET /public/qr/1461238131759.png 304
[2016-05-05 16:31:37.940] [WARN] logger - GET /public/qr/1461238174338.png 304
[2016-05-05 16:31:37.942] [WARN] logger - GET /public/qr/1461647690830.png 304
[2016-05-05 16:31:37.947] [WARN] logger - GET /public/qr/1461238033447.png 304
[2016-05-05 16:31:37.948] [WARN] logger - GET /public/qr/1461238017826.png 304
[2016-05-05 16:31:37.957] [WARN] logger - GET /public/qr/1461218586955.png 304
[2016-05-05 16:31:37.960] [WARN] logger - GET /public/qr/1461218586958.png 304
[2016-05-05 16:31:37.962] [WARN] logger - GET /public/qr/1461237936997.png 304
[2016-05-05 16:31:37.964] [WARN] logger - GET /public/qr/1461238001125.png 304
[2016-05-05 16:31:37.970] [WARN] logger - GET /public/qr/1461157222384.png 304
[2016-05-05 16:31:37.970] [WARN] logger - GET /public/qr/1461075599896.png 304
[2016-05-05 16:31:37.974] [WARN] logger - GET /public/qr/1461054872060.png 304
[2016-05-05 16:31:37.975] [WARN] logger - GET /public/qr/1461157772031.png 304
[2016-05-05 16:31:37.977] [WARN] logger - GET /public/qr/1461054835215.png 304
[2016-05-05 16:31:37.979] [WARN] logger - GET /public/qr/1461054788695.png 304
[2016-05-05 16:31:37.981] [WARN] logger - GET /public/qr/1460969834105.png 304
[2016-05-05 16:31:37.983] [WARN] logger - GET /public/qr/1460966032940.png 304
[2016-05-05 16:31:37.986] [WARN] logger - GET /public/qr/1460962031231.png 304
[2016-05-05 16:31:37.987] [WARN] logger - GET /public/qr/1460965723992.png 304
[2016-05-05 16:31:37.989] [WARN] logger - GET /public/qr/1460633888635.png 304
[2016-05-05 16:31:37.993] [WARN] logger - GET /public/qr/1460633317742.png 304
[2016-05-05 16:31:38.003] [WARN] logger - GET /public/qr/1460633089580.png 304
[2016-05-05 16:31:38.037] [WARN] logger - GET /public/qr/1460631801013.png 304
[2016-05-05 16:31:38.042] [WARN] logger - GET /public/qr/1460628204391.png 304
[2016-05-05 16:31:38.043] [WARN] logger - GET /public/qr/1460628442063.png 304
[2016-05-05 16:31:38.043] [WARN] logger - GET /public/qr/1460628199353.png 304
[2016-05-05 16:31:38.043] [WARN] logger - GET /public/qr/1460628455680.png 304
[2016-05-05 16:31:38.047] [INFO] logger - GET /public/qr/1462437095569.png 200
[2016-05-05 16:31:38.079] [WARN] logger - GET /public/qr/1460628070480.png 304
[2016-05-05 16:31:38.082] [WARN] logger - GET /public/qr/1460628070598.png 304
[2016-05-05 16:31:38.082] [WARN] logger - GET /public/qr/1460627820983.png 304
[2016-05-05 16:31:38.088] [WARN] logger - GET /public/qr/1460627901470.png 304
[2016-05-05 16:31:38.088] [WARN] logger - GET /public/qr/1460627820838.png 304
[2016-05-05 16:31:38.094] [WARN] logger - GET /public/qr/1460627805027.png 304
[2016-05-05 16:31:38.096] [WARN] logger - GET /public/qr/1460627507398.png 304
[2016-05-05 16:31:38.098] [WARN] logger - GET /public/qr/1460627507246.png 304
[2016-05-05 16:31:41.635] [INFO] logger - GET /findProjectById?pid=572b04e709818df00d349612 200
[2016-05-05 16:31:41.654] [WARN] logger - GET /findProjectById?pid=572b04e709818df00d349612 304
[2016-05-05 16:33:41.670] [INFO] logger - POST /saveProject 200
[2016-05-05 16:33:43.194] [INFO] logger - GET /findProjectById?pid=572b0565b9e2f9fa0d43dfdd 200
[2016-05-05 16:33:43.286] [INFO] logger - POST /saveProject 200
[2016-05-05 16:33:43.668] [INFO] logger - dlyupeng@cn.ibm.com
[2016-05-05 16:33:43.711] [INFO] logger - GET /findProjectByUser?userName=dlyupeng@cn.ibm.com 200
[2016-05-05 16:33:43.849] [WARN] logger - GET /public/img/cover1.jpg 304
[2016-05-05 16:33:43.850] [WARN] logger - GET /public/qr/1462436897177.png 304
[2016-05-05 16:33:43.851] [WARN] logger - GET /public/qr/1462436749576.png 304
[2016-05-05 16:33:43.851] [WARN] logger - GET /public/qr/1462437095569.png 304
[2016-05-05 16:33:43.853] [WARN] logger - GET /public/qr/1462436615327.png 304
[2016-05-05 16:33:43.866] [WARN] logger - GET /public/qr/1462436539140.png 304
[2016-05-05 16:33:43.867] [WARN] logger - GET /public/qr/1462436409224.png 304
[2016-05-05 16:33:43.870] [WARN] logger - GET /public/qr/1462435234751.png 304
[2016-05-05 16:33:43.873] [WARN] logger - GET /public/qr/1462435137461.png 304
[2016-05-05 16:33:43.875] [WARN] logger - GET /public/qr/1462435000482.png 304
[2016-05-05 16:33:43.879] [WARN] logger - GET /public/qr/1462434965064.png 304
[2016-05-05 16:33:43.881] [WARN] logger - GET /public/qr/1461743303082.png 304
[2016-05-05 16:33:43.882] [WARN] logger - GET /public/qr/1461743302981.png 304
[2016-05-05 16:33:43.884] [WARN] logger - GET /public/qr/1461649516292.png 304
[2016-05-05 16:33:43.888] [WARN] logger - GET /public/qr/1461647690830.png 304
[2016-05-05 16:33:43.894] [WARN] logger - GET /public/qr/1461248053015.png 304
[2016-05-05 16:33:43.897] [WARN] logger - GET /public/qr/1461238181530.png 304
[2016-05-05 16:33:43.913] [WARN] logger - GET /public/qr/1461238062709.png 304
[2016-05-05 16:33:43.913] [WARN] logger - GET /public/qr/1461238131759.png 304
[2016-05-05 16:33:43.914] [WARN] logger - GET /public/qr/1461238033447.png 304
[2016-05-05 16:33:43.915] [WARN] logger - GET /public/qr/1461238174338.png 304
[2016-05-05 16:33:43.915] [WARN] logger - GET /public/qr/1461238149314.png 304
[2016-05-05 16:33:43.927] [WARN] logger - GET /public/qr/1461238017826.png 304
[2016-05-05 16:33:43.933] [WARN] logger - GET /public/qr/1461218586955.png 304
[2016-05-05 16:33:43.934] [WARN] logger - GET /public/qr/1461218586958.png 304
[2016-05-05 16:33:43.934] [WARN] logger - GET /public/qr/1461237936997.png 304
[2016-05-05 16:33:43.937] [WARN] logger - GET /public/qr/1461238001125.png 304
[2016-05-05 16:33:43.938] [WARN] logger - GET /public/qr/1461157772031.png 304
[2016-05-05 16:33:43.944] [WARN] logger - GET /public/qr/1461157222384.png 304
[2016-05-05 16:33:43.946] [WARN] logger - GET /public/qr/1461075599896.png 304
[2016-05-05 16:33:43.949] [WARN] logger - GET /public/qr/1461054872060.png 304
[2016-05-05 16:33:43.951] [WARN] logger - GET /public/qr/1461054835215.png 304
[2016-05-05 16:33:43.953] [WARN] logger - GET /public/qr/1461054788695.png 304
[2016-05-05 16:33:43.954] [WARN] logger - GET /public/qr/1460969834105.png 304
[2016-05-05 16:33:43.957] [WARN] logger - GET /public/qr/1460966032940.png 304
[2016-05-05 16:33:43.961] [WARN] logger - GET /public/qr/1460965723992.png 304
[2016-05-05 16:33:43.964] [WARN] logger - GET /public/qr/1460962031231.png 304
[2016-05-05 16:33:43.966] [WARN] logger - GET /public/qr/1460633888635.png 304
[2016-05-05 16:33:43.969] [WARN] logger - GET /public/qr/1460633089580.png 304
[2016-05-05 16:33:43.969] [WARN] logger - GET /public/qr/1460633317742.png 304
[2016-05-05 16:33:43.971] [WARN] logger - GET /public/qr/1460631801013.png 304
[2016-05-05 16:33:43.980] [WARN] logger - GET /public/qr/1460628455680.png 304
[2016-05-05 16:33:44.012] [WARN] logger - GET /public/qr/1460628442063.png 304
[2016-05-05 16:33:44.013] [WARN] logger - GET /public/qr/1460628204391.png 304
[2016-05-05 16:33:44.014] [WARN] logger - GET /public/qr/1460628199353.png 304
[2016-05-05 16:33:44.015] [WARN] logger - GET /public/qr/1460628070598.png 304
[2016-05-05 16:33:44.016] [WARN] logger - GET /public/qr/1460628070480.png 304
[2016-05-05 16:33:44.027] [WARN] logger - GET /public/qr/1460627901470.png 304
[2016-05-05 16:33:44.029] [WARN] logger - GET /public/qr/1460627820983.png 304
[2016-05-05 16:33:44.030] [WARN] logger - GET /public/qr/1460627805027.png 304
[2016-05-05 16:33:44.031] [WARN] logger - GET /public/qr/1460627507398.png 304
[2016-05-05 16:33:44.031] [WARN] logger - GET /public/qr/1460627820838.png 304
[2016-05-05 16:33:44.062] [INFO] logger - GET /public/qr/1462437221660.png 200
[2016-05-05 16:33:44.065] [WARN] logger - GET /public/qr/1460627507246.png 304
[2016-05-05 16:33:47.823] [INFO] logger - GET /findProjectById?pid=572b0565b9e2f9fa0d43dfdd 200
[2016-05-05 16:33:47.833] [WARN] logger - GET /findProjectById?pid=572b0565b9e2f9fa0d43dfdd 304
[2016-05-05 16:34:32.078] [INFO] logger - POST /login 200
[2016-05-05 16:34:41.958] [INFO] logger - POST /saveProject 200
[2016-05-05 16:34:44.223] [INFO] logger - GET /findProjectById?pid=572b05a11ae1b20e0e7ea5b9 200
[2016-05-05 16:34:44.671] [INFO] logger - POST /saveProject 200
[2016-05-05 16:34:45.405] [INFO] logger - dlyupeng@cn.ibm.com
[2016-05-05 16:34:45.450] [INFO] logger - GET /findProjectByUser?userName=dlyupeng@cn.ibm.com 200
[2016-05-05 16:34:46.070] [INFO] logger - GET /public/img/cover1.jpg 200
[2016-05-05 16:34:46.491] [INFO] logger - GET /public/qr/1462437281948.png 200
[2016-05-05 16:34:46.863] [INFO] logger - GET /public/qr/1462437221660.png 200
[2016-05-05 16:34:47.232] [INFO] logger - GET /public/qr/1462437095569.png 200
[2016-05-05 16:34:47.665] [INFO] logger - GET /public/qr/1462436897177.png 200
[2016-05-05 16:34:48.038] [INFO] logger - GET /public/qr/1462436615327.png 200
[2016-05-05 16:34:48.411] [INFO] logger - GET /public/qr/1462436749576.png 200
[2016-05-05 16:34:48.856] [INFO] logger - GET /public/qr/1462436539140.png 200
[2016-05-05 16:34:49.230] [INFO] logger - GET /public/qr/1462436409224.png 200
[2016-05-05 16:34:49.607] [INFO] logger - GET /public/qr/1462435234751.png 200
[2016-05-05 16:34:49.980] [INFO] logger - GET /public/qr/1462435137461.png 200
[2016-05-05 16:34:50.355] [INFO] logger - GET /public/qr/1462435000482.png 200
[2016-05-05 16:34:50.723] [INFO] logger - GET /public/qr/1462434965064.png 200
[2016-05-05 16:34:51.094] [INFO] logger - GET /public/qr/1461743303082.png 200
[2016-05-05 16:34:51.469] [INFO] logger - GET /public/qr/1461743302981.png 200
[2016-05-05 16:34:51.841] [INFO] logger - GET /public/qr/1461649516292.png 200
[2016-05-05 16:34:52.242] [INFO] logger - GET /public/qr/1461647690830.png 200
[2016-05-05 16:34:52.615] [INFO] logger - GET /public/qr/1461248053015.png 200
[2016-05-05 16:34:52.990] [INFO] logger - GET /public/qr/1461238181530.png 200
[2016-05-05 16:34:53.424] [INFO] logger - GET /public/qr/1461238174338.png 200
[2016-05-05 16:34:53.796] [INFO] logger - GET /public/qr/1461238149314.png 200
[2016-05-05 16:34:54.166] [INFO] logger - GET /public/qr/1461238131759.png 200
[2016-05-05 16:34:54.564] [INFO] logger - GET /public/qr/1461238062709.png 200
[2016-05-05 16:34:54.938] [INFO] logger - GET /public/qr/1461238033447.png 200
[2016-05-05 16:34:55.312] [INFO] logger - GET /public/qr/1461238017826.png 200
[2016-05-05 16:34:56.280] [INFO] logger - GET /public/qr/1461238001125.png 200
[2016-05-05 16:34:56.649] [INFO] logger - GET /public/qr/1461237936997.png 200
[2016-05-05 16:34:56.652] [INFO] logger - GET /public/qr/1461218586955.png 200
[2016-05-05 16:34:56.659] [INFO] logger - GET /public/qr/1461157772031.png 200
[2016-05-05 16:34:56.661] [INFO] logger - GET /public/qr/1461218586958.png 200
[2016-05-05 16:34:56.661] [INFO] logger - GET /public/qr/1461157222384.png 200
[2016-05-05 16:34:56.883] [INFO] logger - GET /public/qr/1461054835215.png 200
[2016-05-05 16:34:56.883] [INFO] logger - GET /public/qr/1461075599896.png 200
[2016-05-05 16:34:56.885] [INFO] logger - GET /public/qr/1461054872060.png 200
[2016-05-05 16:34:56.887] [INFO] logger - GET /public/qr/1461054788695.png 200
[2016-05-05 16:34:56.889] [INFO] logger - GET /public/qr/1460969834105.png 200
[2016-05-05 16:34:57.169] [INFO] logger - GET /public/qr/1460966032940.png 200
[2016-05-05 16:34:57.169] [INFO] logger - GET /public/qr/1460965723992.png 200
[2016-05-05 16:34:57.171] [INFO] logger - GET /public/qr/1460962031231.png 200
[2016-05-05 16:34:57.171] [INFO] logger - GET /public/qr/1460633888635.png 200
[2016-05-05 16:34:57.172] [INFO] logger - GET /public/qr/1460633317742.png 200
[2016-05-05 16:34:57.399] [INFO] logger - GET /public/qr/1460633089580.png 200
[2016-05-05 16:34:57.401] [INFO] logger - GET /public/qr/1460631801013.png 200
[2016-05-05 16:34:57.401] [INFO] logger - GET /public/qr/1460628455680.png 200
[2016-05-05 16:34:57.403] [INFO] logger - GET /public/qr/1460628442063.png 200
[2016-05-05 16:34:57.407] [INFO] logger - GET /public/qr/1460628204391.png 200
[2016-05-05 16:34:57.619] [INFO] logger - GET /public/qr/1460628199353.png 200
[2016-05-05 16:34:57.623] [INFO] logger - GET /public/qr/1460628070598.png 200
[2016-05-05 16:34:57.629] [INFO] logger - GET /public/qr/1460628070480.png 200
[2016-05-05 16:34:57.635] [INFO] logger - GET /public/qr/1460627820983.png 200
[2016-05-05 16:34:57.639] [INFO] logger - GET /public/qr/1460627901470.png 200
[2016-05-05 16:34:57.858] [INFO] logger - GET /public/qr/1460627507398.png 200
[2016-05-05 16:34:57.861] [INFO] logger - GET /public/qr/1460627820838.png 200
[2016-05-05 16:34:57.863] [INFO] logger - GET /public/qr/1460627805027.png 200
[2016-05-05 16:34:57.863] [INFO] logger - GET /public/qr/1460627507246.png 200
[2016-05-05 16:35:09.813] [INFO] logger - GET /findProjectById?pid=572b05a11ae1b20e0e7ea5b9 200
[2016-05-05 16:35:09.820] [WARN] logger - GET /findProjectById?pid=572b05a11ae1b20e0e7ea5b9 304
[2016-05-05 16:35:26.774] [WARN] logger - GET /findProjectById?pid=572b0439ee16faff0dabfa12 304
[2016-05-05 16:35:26.887] [INFO] logger - POST /saveProject 200
[2016-05-05 16:35:29.785] [INFO] logger - GET /findProjectById?pid=572b0439ee16faff0dabfa12 200
[2016-05-05 16:35:29.850] [INFO] logger - POST /saveProject 200
[2016-05-05 16:35:30.213] [INFO] logger - limm@cn.ibm.com
[2016-05-05 16:35:30.239] [INFO] logger - GET /findProjectByUser?userName=limm@cn.ibm.com 200
[2016-05-05 16:35:32.578] [WARN] logger - GET /findProjectById?pid=572b0439ee16faff0dabfa12 304
[2016-05-05 16:35:32.591] [WARN] logger - GET /findProjectById?pid=572b0439ee16faff0dabfa12 304
[2016-05-05 16:36:07.149] [INFO] logger - POST /saveProject 200
[2016-05-05 16:36:10.686] [INFO] logger - GET /findProjectById?pid=572b05f7ee16faff0dabfa13 200
[2016-05-05 16:36:10.953] [INFO] logger - POST /saveProject 200
[2016-05-05 16:36:11.517] [INFO] logger - dlyupeng@cn.ibm.com
[2016-05-05 16:36:11.568] [INFO] logger - GET /findProjectByUser?userName=dlyupeng@cn.ibm.com 200
[2016-05-05 16:36:11.941] [WARN] logger - GET /public/img/cover1.jpg 304
[2016-05-05 16:36:12.041] [INFO] logger - GET /public/qr/1462437367139.png 200
[2016-05-05 16:36:12.149] [WARN] logger - GET /public/qr/1462437281948.png 304
[2016-05-05 16:36:12.254] [WARN] logger - GET /public/qr/1462437221660.png 304
[2016-05-05 16:36:12.368] [WARN] logger - GET /public/qr/1462437095569.png 304
[2016-05-05 16:36:12.475] [WARN] logger - GET /public/qr/1462436749576.png 304
[2016-05-05 16:36:12.586] [WARN] logger - GET /public/qr/1462436897177.png 304
[2016-05-05 16:36:12.684] [WARN] logger - GET /public/qr/1462436615327.png 304
[2016-05-05 16:36:12.792] [WARN] logger - GET /public/qr/1462436539140.png 304
[2016-05-05 16:36:12.948] [WARN] logger - GET /public/qr/1462436409224.png 304
[2016-05-05 16:36:13.059] [WARN] logger - GET /public/qr/1462435234751.png 304
[2016-05-05 16:36:13.159] [WARN] logger - GET /public/qr/1462435137461.png 304
[2016-05-05 16:36:13.261] [WARN] logger - GET /public/qr/1462435000482.png 304
[2016-05-05 16:36:13.366] [WARN] logger - GET /public/qr/1462434965064.png 304
[2016-05-05 16:36:13.473] [WARN] logger - GET /public/qr/1461743303082.png 304
[2016-05-05 16:36:13.582] [WARN] logger - GET /public/qr/1461743302981.png 304
[2016-05-05 16:36:13.699] [WARN] logger - GET /public/qr/1461649516292.png 304
[2016-05-05 16:36:13.806] [WARN] logger - GET /public/qr/1461647690830.png 304
[2016-05-05 16:36:13.907] [WARN] logger - GET /public/qr/1461248053015.png 304
[2016-05-05 16:36:14.116] [WARN] logger - GET /public/qr/1461238181530.png 304
[2016-05-05 16:36:14.225] [WARN] logger - GET /public/qr/1461238174338.png 304
[2016-05-05 16:36:14.325] [WARN] logger - GET /public/qr/1461238149314.png 304
[2016-05-05 16:36:14.431] [WARN] logger - GET /public/qr/1461238131759.png 304
[2016-05-05 16:36:14.550] [WARN] logger - GET /public/qr/1461238062709.png 304
[2016-05-05 16:36:14.656] [WARN] logger - GET /public/qr/1461238033447.png 304
[2016-05-05 16:36:14.757] [WARN] logger - GET /public/qr/1461238017826.png 304
[2016-05-05 16:36:14.865] [WARN] logger - GET /public/qr/1461238001125.png 304
[2016-05-05 16:36:14.968] [WARN] logger - GET /public/qr/1461237936997.png 304
[2016-05-05 16:36:15.095] [WARN] logger - GET /public/qr/1461218586955.png 304
[2016-05-05 16:36:15.200] [WARN] logger - GET /public/qr/1461218586958.png 304
[2016-05-05 16:36:15.398] [WARN] logger - GET /public/qr/1461157772031.png 304
[2016-05-05 16:36:15.498] [WARN] logger - GET /public/qr/1461157222384.png 304
[2016-05-05 16:36:15.610] [WARN] logger - GET /public/qr/1461075599896.png 304
[2016-05-05 16:36:15.725] [WARN] logger - GET /public/qr/1461054872060.png 304
[2016-05-05 16:36:15.834] [WARN] logger - GET /public/qr/1461054835215.png 304
[2016-05-05 16:36:15.941] [INFO] logger - GET /findProjectById?pid=572b05f7ee16faff0dabfa13 200
[2016-05-05 16:36:16.060] [WARN] logger - GET /public/qr/1461054788695.png 304
[2016-05-05 16:36:16.161] [WARN] logger - GET /public/qr/1460969834105.png 304
[2016-05-05 16:36:16.263] [WARN] logger - GET /public/qr/1460966032940.png 304
[2016-05-05 16:36:16.403] [WARN] logger - GET /findProjectById?pid=572b05f7ee16faff0dabfa13 304
[2016-05-05 16:36:16.574] [WARN] logger - GET /public/qr/1460965723992.png 304
[2016-05-05 16:36:16.679] [WARN] logger - GET /public/qr/1460962031231.png 304
[2016-05-05 16:36:16.782] [WARN] logger - GET /public/qr/1460633888635.png 304
[2016-05-05 16:36:16.890] [WARN] logger - GET /public/qr/1460633317742.png 304
[2016-05-05 16:36:17.004] [WARN] logger - GET /public/qr/1460633089580.png 304
[2016-05-05 16:36:17.107] [WARN] logger - GET /public/qr/1460631801013.png 304
[2016-05-05 16:36:17.225] [WARN] logger - GET /public/qr/1460628455680.png 304
[2016-05-05 16:36:17.334] [WARN] logger - GET /public/qr/1460628442063.png 304
[2016-05-05 16:36:17.449] [WARN] logger - GET /public/qr/1460628204391.png 304
[2016-05-05 16:36:17.585] [WARN] logger - GET /public/qr/1460628199353.png 304
[2016-05-05 16:36:17.703] [WARN] logger - GET /public/qr/1460628070598.png 304
[2016-05-05 16:36:17.806] [WARN] logger - GET /public/qr/1460628070480.png 304
[2016-05-05 16:36:17.912] [WARN] logger - GET /public/qr/1460627901470.png 304
[2016-05-05 16:36:18.025] [WARN] logger - GET /public/qr/1460627820983.png 304
[2016-05-05 16:36:18.129] [WARN] logger - GET /public/qr/1460627820838.png 304
[2016-05-05 16:36:18.244] [WARN] logger - GET /public/qr/1460627805027.png 304
[2016-05-05 16:36:19.228] [WARN] logger - GET /public/qr/1460627507246.png 304
[2016-05-05 16:36:19.230] [WARN] logger - GET /public/qr/1460627507398.png 304
